<?xml version="1.0" encoding="UTF-8"?>
<testng-results ignored="2" total="9" passed="6" failed="1" skipped="0">
  <reporter-output>
  </reporter-output>
  <suite started-at="2024-06-20T17:43:40 IST" name="Dimension Test Automation" finished-at="2024-06-20T17:44:09 IST" duration-ms="28567">
    <groups>
    </groups>
    <test started-at="2024-06-20T17:43:40 IST" name="Login to Dimension" finished-at="2024-06-20T17:43:56 IST" duration-ms="16189">
      <class name="testCases.LoginValidation">
        <test-method signature="verifyLogin(java.lang.String,java.lang.String,java.lang.String)[pri:0, instance:testCases.LoginValidation@34a3d150]" started-at="2024-06-20T17:43:41 IST" name="verifyLogin" data-provider="loginVerification" finished-at="2024-06-20T17:43:55 IST" duration-ms="13778" status="PASS">
          <params>
            <param index="0">
              <value>
                <![CDATA[Valid]]>
              </value>
            </param>
            <param index="1">
              <value>
                <![CDATA[support@speedstep.de]]>
              </value>
            </param>
            <param index="2">
              <value>
                <![CDATA[Speedstepger1848#y2]]>
              </value>
            </param>
          </params>
          <reporter-output>
          </reporter-output>
        </test-method> <!-- verifyLogin -->
        <test-method signature="verifyLogin(java.lang.String,java.lang.String,java.lang.String)[pri:0, instance:testCases.LoginValidation@34a3d150]" started-at="2024-06-20T17:43:55 IST" name="verifyLogin" data-provider="loginVerification" finished-at="2024-06-20T17:43:55 IST" duration-ms="579" status="PASS">
          <params>
            <param index="0">
              <value>
                <![CDATA[Invalid]]>
              </value>
            </param>
            <param index="1">
              <value>
                <![CDATA[supp@speedstep.de]]>
              </value>
            </param>
            <param index="2">
              <value>
                <![CDATA[Speedstepger1848#y2]]>
              </value>
            </param>
          </params>
          <reporter-output>
          </reporter-output>
        </test-method> <!-- verifyLogin -->
        <test-method signature="verifyLogin(java.lang.String,java.lang.String,java.lang.String)[pri:0, instance:testCases.LoginValidation@34a3d150]" started-at="2024-06-20T17:43:55 IST" name="verifyLogin" data-provider="loginVerification" finished-at="2024-06-20T17:43:56 IST" duration-ms="478" status="FAIL">
          <params>
            <param index="0">
              <value>
                <![CDATA[Invalid]]>
              </value>
            </param>
            <param index="1">
              <value>
                <![CDATA[mani@rkcottons.com]]>
              </value>
            </param>
            <param index="2">
              <value>
                <![CDATA[Speedstepger1838#y2]]>
              </value>
            </param>
          </params>
          <exception class="java.lang.AssertionError">
            <message>
              <![CDATA[expected [Invalid email or password] but found []]]>
            </message>
            <full-stacktrace>
              <![CDATA[java.lang.AssertionError: expected [Invalid email or password] but found []
at org.testng.Assert.fail(Assert.java:99)
at org.testng.Assert.failNotEquals(Assert.java:1037)
at org.testng.Assert.assertEqualsImpl(Assert.java:140)
at org.testng.Assert.assertEquals(Assert.java:122)
at org.testng.Assert.assertEquals(Assert.java:629)
at org.testng.Assert.assertEquals(Assert.java:639)
at testCases.LoginValidation.verifyLogin(LoginValidation.java:73)
at java.base/jdk.internal.reflect.DirectMethodHandleAccessor.invoke(DirectMethodHandleAccessor.java:103)
at java.base/java.lang.reflect.Method.invoke(Method.java:580)
at org.testng.internal.MethodInvocationHelper.invokeMethod(MethodInvocationHelper.java:133)
at org.testng.internal.TestInvoker.invokeMethod(TestInvoker.java:598)
at org.testng.internal.TestInvoker.invokeTestMethod(TestInvoker.java:173)
at org.testng.internal.MethodRunner.runInSequence(MethodRunner.java:46)
at org.testng.internal.TestInvoker$MethodInvocationAgent.invoke(TestInvoker.java:824)
at org.testng.internal.TestInvoker.invokeTestMethods(TestInvoker.java:146)
at org.testng.internal.TestMethodWorker.invokeTestMethods(TestMethodWorker.java:146)
at org.testng.internal.TestMethodWorker.run(TestMethodWorker.java:128)
at java.base/java.util.ArrayList.forEach(ArrayList.java:1596)
at org.testng.TestRunner.privateRun(TestRunner.java:794)
at org.testng.TestRunner.run(TestRunner.java:596)
at org.testng.SuiteRunner.runTest(SuiteRunner.java:377)
at org.testng.SuiteRunner.runSequentially(SuiteRunner.java:371)
at org.testng.SuiteRunner.privateRun(SuiteRunner.java:332)
at org.testng.SuiteRunner.run(SuiteRunner.java:276)
at org.testng.SuiteRunnerWorker.runSuite(SuiteRunnerWorker.java:53)
at org.testng.SuiteRunnerWorker.run(SuiteRunnerWorker.java:96)
at org.testng.TestNG.runSuitesSequentially(TestNG.java:1212)
at org.testng.TestNG.runSuitesLocally(TestNG.java:1134)
at org.testng.TestNG.runSuites(TestNG.java:1063)
at org.testng.TestNG.run(TestNG.java:1031)
at org.testng.remote.AbstractRemoteTestNG.run(AbstractRemoteTestNG.java:115)
at org.testng.remote.RemoteTestNG.initAndRun(RemoteTestNG.java:293)
at org.testng.remote.RemoteTestNG.main(RemoteTestNG.java:91)
]]>
            </full-stacktrace>
          </exception> <!-- java.lang.AssertionError -->
          <reporter-output>
          </reporter-output>
        </test-method> <!-- verifyLogin -->
        <test-method signature="verifyLogin(java.lang.String,java.lang.String,java.lang.String)[pri:0, instance:testCases.LoginValidation@34a3d150]" started-at="2024-06-20T17:43:56 IST" name="verifyLogin" data-provider="loginVerification" finished-at="2024-06-20T17:43:56 IST" duration-ms="473" status="PASS">
          <params>
            <param index="0">
              <value>
                <![CDATA[Invalid]]>
              </value>
            </param>
            <param index="1">
              <value>
                <![CDATA[man@rkcottons.com]]>
              </value>
            </param>
            <param index="2">
              <value>
                <![CDATA[Speedstepger1838#y2]]>
              </value>
            </param>
          </params>
          <reporter-output>
          </reporter-output>
        </test-method> <!-- verifyLogin -->
      </class> <!-- testCases.LoginValidation -->
    </test> <!-- Login to Dimension -->
    <test started-at="2024-06-20T17:43:56 IST" name="Order Number Direct Input" finished-at="2024-06-20T17:44:09 IST" duration-ms="12350">
      <class name="testCases.OrderNoInput">
        <test-method signature="orderNoDirectInput(java.lang.String,java.lang.String)[pri:0, instance:testCases.OrderNoInput@36ebc363]" started-at="2024-06-20T17:44:06 IST" name="orderNoDirectInput" data-provider="OrderData" finished-at="2024-06-20T17:44:09 IST" duration-ms="3004" status="PASS">
          <params>
            <param index="0">
              <value>
                <![CDATA[2064092]]>
              </value>
            </param>
            <param index="1">
              <value>
                <![CDATA[74]]>
              </value>
            </param>
          </params>
          <reporter-output>
          </reporter-output>
        </test-method> <!-- orderNoDirectInput -->
      </class> <!-- testCases.OrderNoInput -->
      <class name="testCases.NavigateToWCOrder">
        <test-method is-config="true" signature="launchBrowser()[pri:0, instance:testCases.NavigateToWCOrder@22555ebf]" started-at="2024-06-20T17:43:38 IST" name="launchBrowser" finished-at="2024-06-20T17:43:40 IST" duration-ms="2172" status="PASS">
          <reporter-output>
          </reporter-output>
        </test-method> <!-- launchBrowser -->
        <test-method signature="login(java.lang.String,java.lang.String,java.lang.String)[pri:0, instance:testCases.NavigateToWCOrder@22555ebf]" started-at="2024-06-20T17:43:56 IST" name="login" data-provider="loginData" finished-at="2024-06-20T17:43:57 IST" duration-ms="169" status="PASS">
          <params>
            <param index="0">
              <value>
                <![CDATA[Valid]]>
              </value>
            </param>
            <param index="1">
              <value>
                <![CDATA[support@speedstep.de]]>
              </value>
            </param>
            <param index="2">
              <value>
                <![CDATA[Speedstepger1848#y2]]>
              </value>
            </param>
          </params>
          <reporter-output>
          </reporter-output>
        </test-method> <!-- login -->
        <test-method signature="workCenterOrder()[pri:0, instance:testCases.NavigateToWCOrder@22555ebf]" started-at="2024-06-20T17:43:57 IST" name="workCenterOrder" finished-at="2024-06-20T17:44:06 IST" duration-ms="9007" status="PASS">
          <reporter-output>
          </reporter-output>
        </test-method> <!-- workCenterOrder -->
        <test-method is-config="true" signature="tearDown()[pri:0, instance:testCases.NavigateToWCOrder@22555ebf]" started-at="2024-06-20T17:44:09 IST" name="tearDown" finished-at="2024-06-20T17:44:14 IST" duration-ms="5575" status="PASS">
          <reporter-output>
          </reporter-output>
        </test-method> <!-- tearDown -->
      </class> <!-- testCases.NavigateToWCOrder -->
    </test> <!-- Order Number Direct Input -->
  </suite> <!-- Dimension Test Automation -->
</testng-results>
